2024-12-20 20:07:12 [main] INFO  testCases.TC001_RegisterUser - ****** Started executing register user testcase *******
2024-12-20 20:07:12 [main] INFO  testCases.TC001_RegisterUser - 	clicking on my account -> register user	
2024-12-20 20:07:13 [main] INFO  testCases.TC001_RegisterUser - 	providing user data	
2024-12-20 20:07:15 [main] INFO  testCases.TC001_RegisterUser - 	Finished execution of testcase	
2024-12-20 20:07:20 [main] INFO  testCases.TC002_LoginUser - *******	Started login test	*******
2024-12-20 20:12:10 [main] INFO  testCases.TC001_RegisterUser - ****** Started executing register user testcase *******
2024-12-20 20:12:10 [main] INFO  testCases.TC001_RegisterUser - 	clicking on my account -> register user	
2024-12-20 20:12:11 [main] INFO  testCases.TC001_RegisterUser - 	providing user data	
2024-12-20 20:12:12 [main] INFO  testCases.TC001_RegisterUser - 	Finished execution of testcase	
2024-12-20 20:12:17 [main] INFO  testCases.TC002_LoginUser - *******	Started login test	*******
2024-12-20 20:14:36 [main] INFO  testCases.TC001_RegisterUser - ****** Started executing register user testcase *******
2024-12-20 20:14:36 [main] INFO  testCases.TC001_RegisterUser - 	clicking on my account -> register user	
2024-12-20 20:14:37 [main] INFO  testCases.TC001_RegisterUser - 	providing user data	
2024-12-20 20:14:38 [main] INFO  testCases.TC001_RegisterUser - 	Finished execution of testcase	
2024-12-20 20:14:44 [main] INFO  testCases.TC002_LoginUser - *******	Started login test	*******
2024-12-20 20:23:29 [main] INFO  testCases.TC001_RegisterUser - ****** Started executing register user testcase *******
2024-12-20 20:23:29 [main] INFO  testCases.TC001_RegisterUser - 	clicking on my account -> register user	
2024-12-20 20:23:30 [main] INFO  testCases.TC001_RegisterUser - 	providing user data	
2024-12-20 20:23:31 [main] INFO  testCases.TC001_RegisterUser - 	Finished execution of testcase	
2024-12-20 20:23:35 [main] INFO  testCases.TC002_LoginUser - *******	Started login test	*******
